<?xml version="1.0" encoding="UTF-8"?>
<!-- Generated by org.testng.reporters.JUnitReportReporter -->
<testsuite hostname="LAPTOP-DC5CTV5D" failures="0" tests="2" name="com.testingjava.DemoTest2" time="0.002" errors="0" timestamp="2022-07-23T11:38:44 IST" skipped="0">
  <testcase classname="com.testingjava.DemoTest2" name="createDemo1" time="0.001"/>
  <system-out>
    <![CDATA[test demo1]]>
  </system-out>
  <testcase classname="com.testingjava.DemoTest2" name="practiceTest1" time="0.001"/>
  <system-out/>
</testsuite> <!-- com.testingjava.DemoTest2 -->
