<?xml version="1.0" encoding="UTF-8"?>
<!-- Generated by org.testng.reporters.JUnitReportReporter -->
<testsuite hostname="LAPTOP-DC5CTV5D" failures="0" tests="3" name="com.testingjava.DemoTest1" time="0.002" errors="0" timestamp="2022-07-23T11:38:44 IST" skipped="0">
  <testcase classname="com.testingjava.DemoTest1" name="createDemo5" time="0.000"/>
  <system-out>
    <![CDATA[Test Demo5]]>
  </system-out>
  <testcase classname="com.testingjava.DemoTest1" name="createDemo6" time="0.001"/>
  <system-out>
    <![CDATA[Test Demo6]]>
  </system-out>
  <testcase classname="com.testingjava.DemoTest1" name="createDemo7" time="0.001"/>
  <system-out>
    <![CDATA[Test Demo7]]>
  </system-out>
</testsuite> <!-- com.testingjava.DemoTest1 -->
