<?xml version="1.0" encoding="UTF-8"?>
<!-- Generated by org.testng.reporters.JUnitReportReporter -->
<testsuite hostname="LAPTOP-DC5CTV5D" failures="0" tests="4" name="com.testingjava.DemoTest" time="0.010" errors="0" timestamp="2022-07-23T11:38:44 IST" skipped="0">
  <testcase classname="com.testingjava.DemoTest" name="createDemo1Test" time="0.008"/>
  <system-out>
    <![CDATA[Test Demo1]]>
  </system-out>
  <testcase classname="com.testingjava.DemoTest" name="createDemo3Test" time="0.000"/>
  <system-out>
    <![CDATA[Test Demo3]]>
  </system-out>
  <testcase classname="com.testingjava.DemoTest" name="createDemo4Test" time="0.001"/>
  <system-out>
    <![CDATA[Test Demo4]]>
  </system-out>
  <testcase classname="com.testingjava.DemoTest" name="createDemo2Test" time="0.001"/>
  <system-out>
    <![CDATA[Test Demo2]]>
  </system-out>
</testsuite> <!-- com.testingjava.DemoTest -->
