<?xml version="1.0" encoding="UTF-8"?>
<!-- Generated by org.testng.reporters.JUnitReportReporter -->
<testsuite hostname="LAPTOP-DC5CTV5D" name="com.testingjava.DemoTest" tests="4" failures="0" timestamp="23 Jul 2022 06:09:44 GMT" time="0.009" errors="0">
  <testcase name="createDemo2Test" time="0.000" classname="com.testingjava.DemoTest"/>
  <testcase name="createDemo4Test" time="0.000" classname="com.testingjava.DemoTest"/>
  <testcase name="createDemo1Test" time="0.008" classname="com.testingjava.DemoTest"/>
  <testcase name="createDemo3Test" time="0.001" classname="com.testingjava.DemoTest"/>
</testsuite> <!-- com.testingjava.DemoTest -->
