<?xml version="1.0" encoding="UTF-8"?>
<!-- Generated by org.testng.reporters.JUnitReportReporter -->
<testsuite hostname="LAPTOP-DC5CTV5D" name="com.testingjava.DemoTest1" tests="3" failures="0" timestamp="23 Jul 2022 06:09:44 GMT" time="0.001" errors="0">
  <testcase name="createDemo5" time="0.000" classname="com.testingjava.DemoTest1"/>
  <testcase name="createDemo7" time="0.000" classname="com.testingjava.DemoTest1"/>
  <testcase name="createDemo6" time="0.001" classname="com.testingjava.DemoTest1"/>
</testsuite> <!-- com.testingjava.DemoTest1 -->
