<?xml version="1.0" encoding="UTF-8"?>
<!-- Generated by org.testng.reporters.JUnitReportReporter -->
<testsuite hostname="LAPTOP-DC5CTV5D" name="com.testingjava.DemoTest2" tests="2" failures="0" timestamp="23 Jul 2022 06:54:00 GMT" time="0.010" errors="0">
  <testcase name="practiceTest1" time="0.000" classname="com.testingjava.DemoTest2"/>
  <testcase name="createDemo1" time="0.010" classname="com.testingjava.DemoTest2"/>
</testsuite> <!-- com.testingjava.DemoTest2 -->
